<?xml version="1.0" encoding="UTF-8"?>
<testsuite name="Search by keyword" tests="1" skipped="0" failures="1" errors="0" timestamp="2020-02-04T15:21:56" hostname="iMac-de-juan.local" time="11.652">
  <properties/>
  <testcase name="test ejemplo" classname="Search by keyword" time="11.652">
    <failure message="java.lang.AssertionError: &#10;Expected: a collection with size a value greater than &lt;0&gt;&#10;     but: collection size &lt;0&gt; was equal to &lt;0&gt;" type="java.lang.AssertionError">java.lang.AssertionError: 
Expected: a collection with size a value greater than &lt;0&gt;
     but: collection size &lt;0&gt; was equal to &lt;0&gt;
	at net.serenitybdd.screenplay.ErrorTally.throwSummaryExceptionFrom(ErrorTally.java:36)
	at net.serenitybdd.screenplay.ErrorTally.reportAnyErrors(ErrorTally.java:30)
	at net.serenitybdd.screenplay.Actor.should(Actor.java:300)
	at starter.stepdefinitions.SearchOnDuckDuckGoStepDefinitions.all_the_result_titles_should_contain_the_word(SearchOnDuckDuckGoStepDefinitions.java:49)
	at âœ½.all the result titles should contain the word &quot;cucumber&quot;(src/test/resources/features/search/search_video_on_youtube.feature:6)
</failure>
  </testcase>
  <system-out><![CDATA[10:21:56.522 [Test worker] INFO  n.t.c.steps.ConsoleLoggingListener - 
 _____ _____ ____ _____   ____ _____  _    ____ _____ _____ ____  
|_   _| ____/ ___|_   _| / ___|_   _|/ \  |  _ \_   _| ____|  _ \ 
  | | |  _| \___ \ | |   \___ \ | | / _ \ | |_) || | |  _| | | | |
  | | | |___ ___) || |    ___) || |/ ___ \|  _ < | | | |___| |_| |
  |_| |_____|____/ |_|   |____/ |_/_/   \_\_| \_\|_| |_____|____/ 
                                                                  

TEST STARTED: test ejemplo
-------------------------------------------------------------------(search-by-keyword;test-ejemplo)
10:21:57.028 [Test worker] INFO  n.s.c.w.d.ProvideNewDriver - Instantiating driver
10:21:57.028 [Test worker] INFO  n.s.c.w.d.ProvideNewDriver - Driver capabilities: Capabilities {acceptInsecureCerts: false, browserName: chrome, chrome.switches: --start-maximized;--test-ty..., goog:chromeOptions: {args: [--start-maximized, --test-type, --no-sandbox, --ignore-certificate-errors;\n, --disable-popup-blocking, --disable-default-apps, --disable-extensions-file-a..., --incognito, --disable-infobars, --disable-gpu, --enable-automation, --test-type], extensions: []}, platform: ANY, version: }
]]></system-out>
  <system-err><![CDATA[feb 04, 2020 10:21:56 AM org.openqa.selenium.remote.DesiredCapabilities chrome
INFORMACI?N: Using `new ChromeOptions()` is preferred to `DesiredCapabilities.chrome()`
Starting ChromeDriver 79.0.3945.16 (93fcc21110c10dbbd49bbff8f472335360e31d05-refs/branch-heads/3945@{#262}) on port 26293
Only local connections are allowed.
Please protect ports used by ChromeDriver and related test frameworks to prevent access by malicious code.
feb 04, 2020 10:21:57 AM org.openqa.selenium.remote.ProtocolHandshake createSession
INFORMACI?N: Detected dialect: W3C
]]></system-err>
</testsuite>
